<?xml version="1.0" encoding="UTF-8"?>
<!-- Generated by org.testng.reporters.JUnitReportReporter -->
<testsuite hostname="DESKTOP-6BBM3AJ" failures="0" tests="1" name="com.training.sanity.tests.EnsembleTest" time="32.677" errors="0" timestamp="2023-04-12T10:15:38 IST" skipped="0">
  <testcase classname="com.training.sanity.tests.EnsembleTest" name="validLoginTest" time="32.677"/>
  <system-out/>
</testsuite> <!-- com.training.sanity.tests.EnsembleTest -->
