<?xml version="1.0" encoding="UTF-8"?>
<!-- Generated by org.testng.reporters.JUnitReportReporter -->
<testsuite hostname="DESKTOP-6BBM3AJ" failures="0" tests="1" name="com.training.sanity.tests.OnPopTest" time="12.441" errors="0" timestamp="2023-04-12T10:23:13 IST" skipped="0">
  <testcase classname="com.training.sanity.tests.OnPopTest" name="validLoginTest" time="12.441"/>
  <system-out/>
</testsuite> <!-- com.training.sanity.tests.OnPopTest -->
