<?xml version="1.0" encoding="UTF-8"?>
<!-- Generated by org.testng.reporters.JUnitReportReporter -->
<testsuite hostname="DESKTOP-6BBM3AJ" failures="0" tests="1" name="com.training.sanity.tests.NotToMissedTest" time="16.866" errors="0" timestamp="2023-04-12T10:16:12 IST" skipped="0">
  <testcase classname="com.training.sanity.tests.NotToMissedTest" name="validLoginTest" time="16.866"/>
  <system-out/>
</testsuite> <!-- com.training.sanity.tests.NotToMissedTest -->
