<?xml version="1.0" encoding="UTF-8"?>
<!-- Generated by org.testng.reporters.JUnitReportReporter -->
<testsuite hostname="DESKTOP-6BBM3AJ" failures="0" tests="1" name="com.training.sanity.tests.KCrazeTest" time="13.870" errors="0" timestamp="2023-04-12T10:28:35 IST" skipped="0">
  <testcase classname="com.training.sanity.tests.KCrazeTest" name="validLoginTest" time="13.870"/>
  <system-out/>
</testsuite> <!-- com.training.sanity.tests.KCrazeTest -->
