<?xml version="1.0" encoding="UTF-8"?>
<!-- Generated by org.testng.reporters.JUnitReportReporter -->
<testsuite hostname="DESKTOP-6BBM3AJ" failures="0" tests="1" name="com.training.sanity.tests.EvergreenTest" time="18.533" errors="0" timestamp="2023-04-12T10:33:29 IST" skipped="0">
  <testcase classname="com.training.sanity.tests.EvergreenTest" name="validLoginTest" time="18.533"/>
  <system-out/>
</testsuite> <!-- com.training.sanity.tests.EvergreenTest -->
