<?xml version="1.0" encoding="UTF-8"?>
<!-- Generated by org.testng.reporters.JUnitReportReporter -->
<testsuite hostname="DESKTOP-6BBM3AJ" failures="0" tests="1" name="com.training.sanity.tests.BlockTest" time="11.207" errors="0" timestamp="2023-04-12T10:14:09 IST" skipped="0">
  <testcase classname="com.training.sanity.tests.BlockTest" name="validLoginTest" time="11.207"/>
  <system-out/>
</testsuite> <!-- com.training.sanity.tests.BlockTest -->
